<?xml version="1.0" encoding="UTF-8"?>
<!-- Generated by org.testng.reporters.JUnitReportReporter -->
<testsuite hostname="DESKTOP-ODPTS48" name="com.Naukri_Business_Logic.Naukri_Attachment_Code_Base" tests="1" failures="0" timestamp="9 Apr 2018 14:57:04 GMT" time="69.940" errors="0">
  <testcase name="naukri_Login" time="69.940" classname="com.Naukri_Business_Logic.Naukri_Attachment_Code_Base"/>
</testsuite> <!-- com.Naukri_Business_Logic.Naukri_Attachment_Code_Base -->
